
jim/north/sales/bob
jim/north/sales/bill
jim/north/sales/bab
jim/north/sales/joe
jim/north/accounting/bob
jim/north/accounting/bill
jim/north/accounting/bab
jim/north/accounting/joe
jim/north/inventory/bob
jim/north/inventory/bill
jim/north/inventory/bab
jim/north/inventory/joe
jim/north/manufacturing/bob
jim/north/manufacturing/bill
jim/north/manufacturing/bab
jim/north/manufacturing/joe
jim/south/sales/bob
jim/south/sales/bill
jim/south/sales/bab
jim/south/sales/joe
jim/south/accounting/bob
jim/south/accounting/bill
jim/south/accounting/bab
jim/south/accounting/joe
jim/south/inventory/bob
jim/south/inventory/bill
jim/south/inventory/bab
jim/south/inventory/joe
jim/south/manufacturing/bob
jim/south/manufacturing/bill
jim/south/manufacturing/bab
jim/south/manufacturing/joe
jim/east/sales/bob
jim/east/sales/bill
jim/east/sales/bab
jim/east/sales/joe
jim/east/accounting/bob
jim/east/accounting/bill
jim/east/accounting/bab
jim/east/accounting/joe
jim/east/inventory/bob
jim/east/inventory/bill
jim/east/inventory/bab
jim/east/inventory/joe
jim/east/manufacturing/bob
jim/east/manufacturing/bill
jim/east/manufacturing/bab
jim/east/manufacturing/joe
jim/west/sales/bob
jim/west/sales/bill
jim/west/sales/bab
jim/west/sales/joe
jim/west/accounting/bob
jim/west/accounting/bill
jim/west/accounting/bab
jim/west/accounting/joe
jim/west/inventory/bob
jim/west/inventory/bill
jim/west/inventory/bab
jim/west/inventory/joe
jim/west/manufacturing/bob
jim/west/manufacturing/bill
jim/west/manufacturing/bab
jim/west/manufacturing/joe
